\BOOKMARK [0][-]{chapter.1}{Introduction}{}% 1
\BOOKMARK [1][-]{section.1.1}{What is ParFlow ?}{chapter.1}% 2
\BOOKMARK [1][-]{section.1.2}{Some useful resources}{chapter.1}% 3
\BOOKMARK [0][-]{chapter.2}{Presentation of ParFlow}{}% 4
\BOOKMARK [1][-]{section.2.1}{Two solvers}{chapter.2}% 5
\BOOKMARK [1][-]{section.2.2}{TCL/TK}{chapter.2}% 6
\BOOKMARK [1][-]{section.2.3}{Coupled}{chapter.2}% 7
\BOOKMARK [1][-]{section.2.4}{Multigrid}{chapter.2}% 8
\BOOKMARK [1][-]{section.2.5}{Which OS ?}{chapter.2}% 9
\BOOKMARK [0][-]{chapter.3}{Installation}{}% 10
\BOOKMARK [1][-]{section.3.1}{What is compilation}{chapter.3}% 11
\BOOKMARK [1][-]{section.3.2}{How to install it}{chapter.3}% 12
\BOOKMARK [2][-]{subsection.3.2.1}{Download and install compilers}{section.3.2}% 13
\BOOKMARK [2][-]{subsection.3.2.2}{Download Libraries}{section.3.2}% 14
\BOOKMARK [2][-]{subsection.3.2.3}{Install Libraries}{section.3.2}% 15
\BOOKMARK [0][-]{chapter.4}{Conceptual Model}{}% 16
\BOOKMARK [1][-]{section.4.1}{Water balance}{chapter.4}% 17
\BOOKMARK [2][-]{subsection.4.1.1}{Richards' equation}{section.4.1}% 18
\BOOKMARK [2][-]{subsection.4.1.2}{Overland Flow}{section.4.1}% 19
\BOOKMARK [2][-]{subsection.4.1.3}{Exchange flux}{section.4.1}% 20
\BOOKMARK [1][-]{section.4.2}{Energy Balance}{chapter.4}% 21
\BOOKMARK [1][-]{section.4.3}{Surface Model: CLM}{chapter.4}% 22
\BOOKMARK [0][-]{chapter.5}{Numerical Implementation}{}% 23
\BOOKMARK [1][-]{section.5.1}{Numerical method to solve PDE}{chapter.5}% 24
\BOOKMARK [2][-]{subsection.5.1.1}{Finite Difference Method \(FDM\)}{section.5.1}% 25
\BOOKMARK [2][-]{subsection.5.1.2}{Finite Volume Method \(FVM\)}{section.5.1}% 26
\BOOKMARK [2][-]{subsection.5.1.3}{Finite Element Method \(FEM\)}{section.5.1}% 27
\BOOKMARK [2][-]{subsection.5.1.4}{Numerical method to solve ODE}{section.5.1}% 28
\BOOKMARK [1][-]{section.5.2}{Newton and Kyrlov method}{chapter.5}% 29
\BOOKMARK [1][-]{section.5.3}{Preconditioning}{chapter.5}% 30
\BOOKMARK [1][-]{section.5.4}{Parralelism}{chapter.5}% 31
\BOOKMARK [0][-]{chapter.6}{Revised Guide of a PARFLOW script}{}% 32
\BOOKMARK [1][-]{section.6.1}{Scheme of the grid}{chapter.6}% 33
\BOOKMARK [1][-]{section.6.2}{Summury of Input/Ouput}{chapter.6}% 34
\BOOKMARK [1][-]{section.6.3}{Architecture of files}{chapter.6}% 35
\BOOKMARK [1][-]{section.6.4}{Various notes and remarques}{chapter.6}% 36
\BOOKMARK [1][-]{section.6.5}{CLM files}{chapter.6}% 37
\BOOKMARK [1][-]{section.6.6}{Deal with Sres and Ssres}{chapter.6}% 38
\BOOKMARK [1][-]{section.6.7}{Deal with Specific humidity}{chapter.6}% 39
\BOOKMARK [1][-]{section.6.8}{Deal with time}{chapter.6}% 40
\BOOKMARK [1][-]{section.6.9}{Surface file}{chapter.6}% 41
